<?xml version="1.0" encoding="UTF-8"?>
<!-- Generated by org.testng.reporters.JUnitXMLReporter -->
<testsuite ignored="0" hostname="Najer" failures="0" tests="4" name="Default test" time="30.305" errors="0" timestamp="2024-01-30T11:45:32 IST">
  <testcase classname="api.test.UserTest" name="testpostUser" time="7.96"/>
  <testcase classname="api.test.UserTest" name="testgetUserByName" time="5.238"/>
  <testcase classname="api.test.UserTest" name="testUpdateUserbyName" time="11.625"/>
  <testcase classname="api.test.UserTest" name="testDeleteUserByName" time="5.087"/>
</testsuite> <!-- Default test -->
