<?xml version="1.0" encoding="UTF-8"?>
<testng-results ignored="0" total="4" passed="4" failed="0" skipped="0">
  <reporter-output>
  </reporter-output>
  <suite started-at="2024-02-02T18:22:16 IST" name="PetSuite" finished-at="2024-02-02T18:22:35 IST" duration-ms="18496">
    <groups>
    </groups>
    <test started-at="2024-02-02T18:22:16 IST" name="PetTest" finished-at="2024-02-02T18:22:35 IST" duration-ms="18496">
      <class name="api.test.UserTest2">
        <test-method is-config="true" signature="setUpData()[pri:0, instance:api.test.UserTest2@18df8434]" started-at="2024-02-02T18:22:16 IST" name="setUpData" finished-at="2024-02-02T18:22:17 IST" duration-ms="925" status="PASS">
          <reporter-output>
          </reporter-output>
        </test-method> <!-- setUpData -->
        <test-method signature="testpostUser()[pri:1, instance:api.test.UserTest2@18df8434]" started-at="2024-02-02T18:22:17 IST" name="testpostUser" finished-at="2024-02-02T18:22:24 IST" duration-ms="6422" status="PASS">
          <reporter-output>
          </reporter-output>
        </test-method> <!-- testpostUser -->
        <test-method signature="testgetUserByName()[pri:2, instance:api.test.UserTest2@18df8434]" started-at="2024-02-02T18:22:24 IST" name="testgetUserByName" finished-at="2024-02-02T18:22:28 IST" duration-ms="4146" status="PASS">
          <reporter-output>
          </reporter-output>
        </test-method> <!-- testgetUserByName -->
        <test-method signature="testUpdateUserbyName()[pri:3, instance:api.test.UserTest2@18df8434]" started-at="2024-02-02T18:22:28 IST" name="testUpdateUserbyName" finished-at="2024-02-02T18:22:33 IST" duration-ms="4782" status="PASS">
          <reporter-output>
          </reporter-output>
        </test-method> <!-- testUpdateUserbyName -->
        <test-method signature="testDeleteUserByName()[pri:4, instance:api.test.UserTest2@18df8434]" started-at="2024-02-02T18:22:33 IST" name="testDeleteUserByName" finished-at="2024-02-02T18:22:35 IST" duration-ms="1836" status="PASS">
          <reporter-output>
          </reporter-output>
        </test-method> <!-- testDeleteUserByName -->
      </class> <!-- api.test.UserTest2 -->
    </test> <!-- PetTest -->
  </suite> <!-- PetSuite -->
</testng-results>
