<?xml version="1.0" encoding="UTF-8"?>
<!-- Generated by org.testng.reporters.JUnitXMLReporter -->
<testsuite ignored="0" hostname="Najer" failures="0" tests="4" name="PetTest" time="42.344" errors="0" timestamp="2024-02-03T15:24:19 IST">
  <testcase classname="api.test.UserTest2" name="testpostUser" time="10.795"/>
  <testcase classname="api.test.UserTest2" name="testgetUserByName" time="5.449"/>
  <testcase classname="api.test.UserTest2" name="testUpdateUserbyName" time="18.87"/>
  <testcase classname="api.test.UserTest2" name="testDeleteUserByName" time="5.403"/>
</testsuite> <!-- PetTest -->
