<?xml version="1.0" encoding="UTF-8"?>
<!-- Generated by org.testng.reporters.JUnitXMLReporter -->
<testsuite ignored="0" hostname="Najer" failures="0" tests="4" name="PetTest" time="18.496" errors="0" timestamp="2024-02-02T18:22:35 IST">
  <testcase classname="api.test.UserTest2" name="testpostUser" time="6.422"/>
  <testcase classname="api.test.UserTest2" name="testgetUserByName" time="4.146"/>
  <testcase classname="api.test.UserTest2" name="testUpdateUserbyName" time="4.782"/>
  <testcase classname="api.test.UserTest2" name="testDeleteUserByName" time="1.836"/>
</testsuite> <!-- PetTest -->
